{"/mnt/d/Dev/ignite/react-native/gofinances/src/components/Form/Button/index.tsx": {"path":"/mnt/d/Dev/ignite/react-native/gofinances/src/components/Form/Button/index.tsx","statementMap":{"0":{"start":{"line":14,"column":2},"end":{"line":18,"column":4}}},"fnMap":{"0":{"name":"Button","decl":{"start":{"line":13,"column":16},"end":{"line":13,"column":22}},"loc":{"start":{"line":13,"column":50},"end":{"line":19,"column":1}},"line":13}},"branchMap":{},"s":{"0":6},"f":{"0":6},"b":{},"_coverageSchema":"1a1c01bbd47fc00a2c39e90264f33305004495a9","hash":"103c26d42f391ecaf74b4b4a19ae6fdb131b98b8"}
,"/mnt/d/Dev/ignite/react-native/gofinances/src/components/Form/Button/styles.ts": {"path":"/mnt/d/Dev/ignite/react-native/gofinances/src/components/Form/Button/styles.ts","statementMap":{"0":{"start":{"line":5,"column":25},"end":{"line":11,"column":1}},"1":{"start":{"line":7,"column":37},"end":{"line":7,"column":59}},"2":{"start":{"line":13,"column":21},"end":{"line":17,"column":1}},"3":{"start":{"line":14,"column":32},"end":{"line":14,"column":50}},"4":{"start":{"line":16,"column":26},"end":{"line":16,"column":44}}},"fnMap":{"0":{"name":"(anonymous_0)","decl":{"start":{"line":7,"column":22},"end":{"line":7,"column":23}},"loc":{"start":{"line":7,"column":37},"end":{"line":7,"column":59}},"line":7},"1":{"name":"(anonymous_1)","decl":{"start":{"line":14,"column":17},"end":{"line":14,"column":18}},"loc":{"start":{"line":14,"column":32},"end":{"line":14,"column":50}},"line":14},"2":{"name":"(anonymous_2)","decl":{"start":{"line":16,"column":11},"end":{"line":16,"column":12}},"loc":{"start":{"line":16,"column":26},"end":{"line":16,"column":44}},"line":16}},"branchMap":{},"s":{"0":1,"1":6,"2":1,"3":6,"4":6},"f":{"0":6,"1":6,"2":6},"b":{},"_coverageSchema":"1a1c01bbd47fc00a2c39e90264f33305004495a9","hash":"f99cbddbc056255ac419d77eaf4c2fad2dda1781"}
,"/mnt/d/Dev/ignite/react-native/gofinances/src/components/Form/CategorySelectButton/index.tsx": {"path":"/mnt/d/Dev/ignite/react-native/gofinances/src/components/Form/CategorySelectButton/index.tsx","statementMap":{"0":{"start":{"line":18,"column":2},"end":{"line":23,"column":4}}},"fnMap":{"0":{"name":"CategorySelectButton","decl":{"start":{"line":13,"column":16},"end":{"line":13,"column":36}},"loc":{"start":{"line":17,"column":10},"end":{"line":24,"column":1}},"line":17}},"branchMap":{},"s":{"0":3},"f":{"0":3},"b":{},"_coverageSchema":"1a1c01bbd47fc00a2c39e90264f33305004495a9","hash":"da3b29d44de8f4c96c7439520c39ce408ef46a42"}
,"/mnt/d/Dev/ignite/react-native/gofinances/src/components/Form/CategorySelectButton/styles.ts": {"path":"/mnt/d/Dev/ignite/react-native/gofinances/src/components/Form/CategorySelectButton/styles.ts","statementMap":{"0":{"start":{"line":6,"column":25},"end":{"line":13,"column":1}},"1":{"start":{"line":7,"column":37},"end":{"line":7,"column":55}},"2":{"start":{"line":15,"column":24},"end":{"line":18,"column":1}},"3":{"start":{"line":16,"column":32},"end":{"line":16,"column":51}},"4":{"start":{"line":20,"column":20},"end":{"line":23,"column":1}},"5":{"start":{"line":22,"column":26},"end":{"line":22,"column":43}}},"fnMap":{"0":{"name":"(anonymous_0)","decl":{"start":{"line":7,"column":22},"end":{"line":7,"column":23}},"loc":{"start":{"line":7,"column":37},"end":{"line":7,"column":55}},"line":7},"1":{"name":"(anonymous_1)","decl":{"start":{"line":16,"column":17},"end":{"line":16,"column":18}},"loc":{"start":{"line":16,"column":32},"end":{"line":16,"column":51}},"line":16},"2":{"name":"(anonymous_2)","decl":{"start":{"line":22,"column":11},"end":{"line":22,"column":12}},"loc":{"start":{"line":22,"column":26},"end":{"line":22,"column":43}},"line":22}},"branchMap":{},"s":{"0":1,"1":3,"2":1,"3":3,"4":1,"5":3},"f":{"0":3,"1":3,"2":3},"b":{},"_coverageSchema":"1a1c01bbd47fc00a2c39e90264f33305004495a9","hash":"43133d4fe58c70b9e1bfc4d1fd2d718de924660d"}
,"/mnt/d/Dev/ignite/react-native/gofinances/src/components/Form/Input/index.tsx": {"path":"/mnt/d/Dev/ignite/react-native/gofinances/src/components/Form/Input/index.tsx","statementMap":{"0":{"start":{"line":15,"column":2},"end":{"line":17,"column":4}}},"fnMap":{"0":{"name":"Input","decl":{"start":{"line":11,"column":16},"end":{"line":11,"column":21}},"loc":{"start":{"line":14,"column":10},"end":{"line":18,"column":1}},"line":14}},"branchMap":{"0":{"loc":{"start":{"line":12,"column":2},"end":{"line":12,"column":16}},"type":"default-arg","locations":[{"start":{"line":12,"column":11},"end":{"line":12,"column":16}}],"line":12}},"s":{"0":7},"f":{"0":7},"b":{"0":[6]},"_coverageSchema":"1a1c01bbd47fc00a2c39e90264f33305004495a9","hash":"9d0132baaf7896c2240022aa949b986d51b3cb07"}
,"/mnt/d/Dev/ignite/react-native/gofinances/src/components/Form/Input/styles.ts": {"path":"/mnt/d/Dev/ignite/react-native/gofinances/src/components/Form/Input/styles.ts","statementMap":{"0":{"start":{"line":8,"column":25},"end":{"line":21,"column":1}},"1":{"start":{"line":12,"column":32},"end":{"line":12,"column":51}},"2":{"start":{"line":13,"column":26},"end":{"line":13,"column":48}},"3":{"start":{"line":14,"column":37},"end":{"line":14,"column":55}},"4":{"start":{"line":17,"column":27},"end":{"line":20,"column":3}}},"fnMap":{"0":{"name":"(anonymous_0)","decl":{"start":{"line":12,"column":17},"end":{"line":12,"column":18}},"loc":{"start":{"line":12,"column":32},"end":{"line":12,"column":51}},"line":12},"1":{"name":"(anonymous_1)","decl":{"start":{"line":13,"column":11},"end":{"line":13,"column":12}},"loc":{"start":{"line":13,"column":26},"end":{"line":13,"column":48}},"line":13},"2":{"name":"(anonymous_2)","decl":{"start":{"line":14,"column":22},"end":{"line":14,"column":23}},"loc":{"start":{"line":14,"column":37},"end":{"line":14,"column":55}},"line":14},"3":{"name":"(anonymous_3)","decl":{"start":{"line":17,"column":4},"end":{"line":17,"column":5}},"loc":{"start":{"line":17,"column":27},"end":{"line":20,"column":3}},"line":17}},"branchMap":{"0":{"loc":{"start":{"line":17,"column":27},"end":{"line":20,"column":3}},"type":"binary-expr","locations":[{"start":{"line":17,"column":27},"end":{"line":17,"column":33}},{"start":{"line":17,"column":37},"end":{"line":20,"column":3}}],"line":17}},"s":{"0":2,"1":7,"2":7,"3":7,"4":7},"f":{"0":7,"1":7,"2":7,"3":7},"b":{"0":[7,1]},"_coverageSchema":"1a1c01bbd47fc00a2c39e90264f33305004495a9","hash":"6e10220362eebecd9412c9adde23fc04cf17941d"}
,"/mnt/d/Dev/ignite/react-native/gofinances/src/components/Form/InputForm/index.tsx": {"path":"/mnt/d/Dev/ignite/react-native/gofinances/src/components/Form/InputForm/index.tsx","statementMap":{"0":{"start":{"line":19,"column":2},"end":{"line":34,"column":4}},"1":{"start":{"line":24,"column":10},"end":{"line":28,"column":12}}},"fnMap":{"0":{"name":"InputForm","decl":{"start":{"line":13,"column":16},"end":{"line":13,"column":25}},"loc":{"start":{"line":18,"column":10},"end":{"line":35,"column":1}},"line":18},"1":{"name":"(anonymous_1)","decl":{"start":{"line":23,"column":16},"end":{"line":23,"column":17}},"loc":{"start":{"line":24,"column":10},"end":{"line":28,"column":12}},"line":24}},"branchMap":{"0":{"loc":{"start":{"line":32,"column":7},"end":{"line":32,"column":38}},"type":"binary-expr","locations":[{"start":{"line":32,"column":7},"end":{"line":32,"column":12}},{"start":{"line":32,"column":16},"end":{"line":32,"column":38}}],"line":32}},"s":{"0":6,"1":6},"f":{"0":6,"1":6},"b":{"0":[6,0]},"_coverageSchema":"1a1c01bbd47fc00a2c39e90264f33305004495a9","hash":"b106f9b4f436c77b6cce68d95c43f5a62c87c5aa"}
,"/mnt/d/Dev/ignite/react-native/gofinances/src/components/Form/InputForm/styles.ts": {"path":"/mnt/d/Dev/ignite/react-native/gofinances/src/components/Form/InputForm/styles.ts","statementMap":{"0":{"start":{"line":4,"column":25},"end":{"line":6,"column":1}},"1":{"start":{"line":8,"column":21},"end":{"line":12,"column":1}},"2":{"start":{"line":9,"column":32},"end":{"line":9,"column":51}},"3":{"start":{"line":11,"column":26},"end":{"line":11,"column":48}}},"fnMap":{"0":{"name":"(anonymous_0)","decl":{"start":{"line":9,"column":17},"end":{"line":9,"column":18}},"loc":{"start":{"line":9,"column":32},"end":{"line":9,"column":51}},"line":9},"1":{"name":"(anonymous_1)","decl":{"start":{"line":11,"column":11},"end":{"line":11,"column":12}},"loc":{"start":{"line":11,"column":26},"end":{"line":11,"column":48}},"line":11}},"branchMap":{},"s":{"0":1,"1":1,"2":0,"3":0},"f":{"0":0,"1":0},"b":{},"_coverageSchema":"1a1c01bbd47fc00a2c39e90264f33305004495a9","hash":"eff32d220b73ad1a5d8596c83a30b9e163c3e359"}
,"/mnt/d/Dev/ignite/react-native/gofinances/src/components/Form/TransactionTypeButton/index.tsx": {"path":"/mnt/d/Dev/ignite/react-native/gofinances/src/components/Form/TransactionTypeButton/index.tsx","statementMap":{"0":{"start":{"line":10,"column":14},"end":{"line":13,"column":1}},"1":{"start":{"line":22,"column":2},"end":{"line":36,"column":4}}},"fnMap":{"0":{"name":"TransactionTypeButton","decl":{"start":{"line":21,"column":16},"end":{"line":21,"column":37}},"loc":{"start":{"line":21,"column":81},"end":{"line":37,"column":1}},"line":21}},"branchMap":{},"s":{"0":1,"1":6},"f":{"0":6},"b":{},"_coverageSchema":"1a1c01bbd47fc00a2c39e90264f33305004495a9","hash":"5531e5ee897eb97a809e0090cd1676d74da5e35c"}
,"/mnt/d/Dev/ignite/react-native/gofinances/src/components/Form/TransactionTypeButton/styles.ts": {"path":"/mnt/d/Dev/ignite/react-native/gofinances/src/components/Form/TransactionTypeButton/styles.ts","statementMap":{"0":{"start":{"line":14,"column":25},"end":{"line":29,"column":1}},"1":{"start":{"line":19,"column":28},"end":{"line":21,"column":3}},"2":{"start":{"line":20,"column":41},"end":{"line":20,"column":69}},"3":{"start":{"line":22,"column":28},"end":{"line":24,"column":3}},"4":{"start":{"line":23,"column":41},"end":{"line":23,"column":66}},"5":{"start":{"line":26,"column":4},"end":{"line":26,"column":77}},"6":{"start":{"line":31,"column":23},"end":{"line":47,"column":1}},"7":{"start":{"line":36,"column":26},"end":{"line":38,"column":1}},"8":{"start":{"line":37,"column":39},"end":{"line":37,"column":67}},"9":{"start":{"line":39,"column":26},"end":{"line":41,"column":1}},"10":{"start":{"line":40,"column":39},"end":{"line":40,"column":64}},"11":{"start":{"line":43,"column":2},"end":{"line":43,"column":56}},"12":{"start":{"line":49,"column":20},"end":{"line":55,"column":1}},"13":{"start":{"line":53,"column":4},"end":{"line":53,"column":65}},"14":{"start":{"line":57,"column":21},"end":{"line":60,"column":1}},"15":{"start":{"line":58,"column":32},"end":{"line":58,"column":51}}},"fnMap":{"0":{"name":"(anonymous_0)","decl":{"start":{"line":19,"column":4},"end":{"line":19,"column":5}},"loc":{"start":{"line":19,"column":28},"end":{"line":21,"column":3}},"line":19},"1":{"name":"(anonymous_1)","decl":{"start":{"line":20,"column":26},"end":{"line":20,"column":27}},"loc":{"start":{"line":20,"column":41},"end":{"line":20,"column":69}},"line":20},"2":{"name":"(anonymous_2)","decl":{"start":{"line":22,"column":4},"end":{"line":22,"column":5}},"loc":{"start":{"line":22,"column":28},"end":{"line":24,"column":3}},"line":22},"3":{"name":"(anonymous_3)","decl":{"start":{"line":23,"column":26},"end":{"line":23,"column":27}},"loc":{"start":{"line":23,"column":41},"end":{"line":23,"column":66}},"line":23},"4":{"name":"(anonymous_4)","decl":{"start":{"line":25,"column":12},"end":{"line":25,"column":13}},"loc":{"start":{"line":26,"column":4},"end":{"line":26,"column":77}},"line":26},"5":{"name":"(anonymous_5)","decl":{"start":{"line":36,"column":2},"end":{"line":36,"column":3}},"loc":{"start":{"line":36,"column":26},"end":{"line":38,"column":1}},"line":36},"6":{"name":"(anonymous_6)","decl":{"start":{"line":37,"column":24},"end":{"line":37,"column":25}},"loc":{"start":{"line":37,"column":39},"end":{"line":37,"column":67}},"line":37},"7":{"name":"(anonymous_7)","decl":{"start":{"line":39,"column":2},"end":{"line":39,"column":3}},"loc":{"start":{"line":39,"column":26},"end":{"line":41,"column":1}},"line":39},"8":{"name":"(anonymous_8)","decl":{"start":{"line":40,"column":24},"end":{"line":40,"column":25}},"loc":{"start":{"line":40,"column":39},"end":{"line":40,"column":64}},"line":40},"9":{"name":"(anonymous_9)","decl":{"start":{"line":42,"column":13},"end":{"line":42,"column":14}},"loc":{"start":{"line":43,"column":2},"end":{"line":43,"column":56}},"line":43},"10":{"name":"(anonymous_10)","decl":{"start":{"line":52,"column":11},"end":{"line":52,"column":12}},"loc":{"start":{"line":53,"column":4},"end":{"line":53,"column":65}},"line":53},"11":{"name":"(anonymous_11)","decl":{"start":{"line":58,"column":17},"end":{"line":58,"column":18}},"loc":{"start":{"line":58,"column":32},"end":{"line":58,"column":51}},"line":58}},"branchMap":{"0":{"loc":{"start":{"line":19,"column":28},"end":{"line":21,"column":3}},"type":"binary-expr","locations":[{"start":{"line":19,"column":28},"end":{"line":19,"column":36}},{"start":{"line":19,"column":40},"end":{"line":19,"column":55}},{"start":{"line":19,"column":59},"end":{"line":21,"column":3}}],"line":19},"1":{"loc":{"start":{"line":22,"column":28},"end":{"line":24,"column":3}},"type":"binary-expr","locations":[{"start":{"line":22,"column":28},"end":{"line":22,"column":36}},{"start":{"line":22,"column":40},"end":{"line":22,"column":53}},{"start":{"line":22,"column":57},"end":{"line":24,"column":3}}],"line":22},"2":{"loc":{"start":{"line":26,"column":4},"end":{"line":26,"column":77}},"type":"cond-expr","locations":[{"start":{"line":26,"column":15},"end":{"line":26,"column":40}},{"start":{"line":26,"column":43},"end":{"line":26,"column":77}}],"line":26},"3":{"loc":{"start":{"line":36,"column":26},"end":{"line":38,"column":1}},"type":"binary-expr","locations":[{"start":{"line":36,"column":26},"end":{"line":36,"column":34}},{"start":{"line":36,"column":38},"end":{"line":36,"column":53}},{"start":{"line":36,"column":57},"end":{"line":38,"column":1}}],"line":36},"4":{"loc":{"start":{"line":39,"column":26},"end":{"line":41,"column":1}},"type":"binary-expr","locations":[{"start":{"line":39,"column":26},"end":{"line":39,"column":34}},{"start":{"line":39,"column":38},"end":{"line":39,"column":51}},{"start":{"line":39,"column":55},"end":{"line":41,"column":1}}],"line":39},"5":{"loc":{"start":{"line":43,"column":2},"end":{"line":43,"column":56}},"type":"cond-expr","locations":[{"start":{"line":43,"column":13},"end":{"line":43,"column":19}},{"start":{"line":43,"column":22},"end":{"line":43,"column":56}}],"line":43},"6":{"loc":{"start":{"line":53,"column":4},"end":{"line":53,"column":65}},"type":"cond-expr","locations":[{"start":{"line":53,"column":20},"end":{"line":53,"column":40}},{"start":{"line":53,"column":43},"end":{"line":53,"column":65}}],"line":53}},"s":{"0":1,"1":6,"2":0,"3":6,"4":0,"5":6,"6":1,"7":6,"8":0,"9":6,"10":0,"11":6,"12":1,"13":6,"14":1,"15":6},"f":{"0":6,"1":0,"2":6,"3":0,"4":6,"5":6,"6":0,"7":6,"8":0,"9":6,"10":6,"11":6},"b":{"0":[6,0,0],"1":[6,0,0],"2":[0,6],"3":[6,0,0],"4":[6,0,0],"5":[0,6],"6":[3,3]},"_coverageSchema":"1a1c01bbd47fc00a2c39e90264f33305004495a9","hash":"b38993206ab927fefd7458a8960517aaf4c40c00"}
,"/mnt/d/Dev/ignite/react-native/gofinances/src/global/styles/theme.ts": {"path":"/mnt/d/Dev/ignite/react-native/gofinances/src/global/styles/theme.ts","statementMap":{},"fnMap":{},"branchMap":{},"s":{},"f":{},"b":{},"_coverageSchema":"1a1c01bbd47fc00a2c39e90264f33305004495a9","hash":"7e3e95eaf584356cebb9de95078c90217cd12938"}
,"/mnt/d/Dev/ignite/react-native/gofinances/src/hooks/auth.tsx": {"path":"/mnt/d/Dev/ignite/react-native/gofinances/src/hooks/auth.tsx","statementMap":{"0":{"start":{"line":8,"column":22},"end":{"line":8,"column":33}},"1":{"start":{"line":9,"column":25},"end":{"line":9,"column":36}},"2":{"start":{"line":40,"column":27},"end":{"line":40,"column":64}},"3":{"start":{"line":43,"column":26},"end":{"line":43,"column":52}},"4":{"start":{"line":44,"column":54},"end":{"line":44,"column":68}},"5":{"start":{"line":45,"column":25},"end":{"line":45,"column":43}},"6":{"start":{"line":48,"column":4},"end":{"line":65,"column":5}},"7":{"start":{"line":49,"column":28},"end":{"line":49,"column":35}},"8":{"start":{"line":50,"column":20},"end":{"line":50,"column":46}},"9":{"start":{"line":51,"column":22},"end":{"line":51,"column":166}},"10":{"start":{"line":52,"column":31},"end":{"line":52,"column":97}},"11":{"start":{"line":53,"column":6},"end":{"line":62,"column":7}},"12":{"start":{"line":54,"column":25},"end":{"line":54,"column":130}},"13":{"start":{"line":55,"column":25},"end":{"line":55,"column":46}},"14":{"start":{"line":56,"column":8},"end":{"line":61,"column":11}},"15":{"start":{"line":64,"column":6},"end":{"line":64,"column":29}},"16":{"start":{"line":69,"column":4},"end":{"line":86,"column":5}},"17":{"start":{"line":70,"column":25},"end":{"line":75,"column":8}},"18":{"start":{"line":76,"column":6},"end":{"line":83,"column":7}},"19":{"start":{"line":77,"column":8},"end":{"line":82,"column":11}},"20":{"start":{"line":85,"column":6},"end":{"line":85,"column":29}},"21":{"start":{"line":90,"column":4},"end":{"line":90,"column":24}},"22":{"start":{"line":91,"column":4},"end":{"line":95,"column":5}},"23":{"start":{"line":92,"column":6},"end":{"line":92,"column":52}},"24":{"start":{"line":94,"column":6},"end":{"line":94,"column":29}},"25":{"start":{"line":98,"column":2},"end":{"line":108,"column":13}},"26":{"start":{"line":100,"column":6},"end":{"line":105,"column":7}},"27":{"start":{"line":101,"column":8},"end":{"line":102,"column":75}},"28":{"start":{"line":102,"column":10},"end":{"line":102,"column":75}},"29":{"start":{"line":104,"column":8},"end":{"line":104,"column":31}},"30":{"start":{"line":107,"column":4},"end":{"line":107,"column":15}},"31":{"start":{"line":110,"column":2},"end":{"line":124,"column":9}},"32":{"start":{"line":112,"column":6},"end":{"line":121,"column":7}},"33":{"start":{"line":113,"column":29},"end":{"line":113,"column":71}},"34":{"start":{"line":114,"column":8},"end":{"line":117,"column":9}},"35":{"start":{"line":115,"column":29},"end":{"line":115,"column":61}},"36":{"start":{"line":116,"column":10},"end":{"line":116,"column":30}},"37":{"start":{"line":118,"column":8},"end":{"line":118,"column":37}},"38":{"start":{"line":120,"column":8},"end":{"line":120,"column":31}},"39":{"start":{"line":123,"column":4},"end":{"line":123,"column":26}},"40":{"start":{"line":126,"column":2},"end":{"line":136,"column":3}},"41":{"start":{"line":140,"column":18},"end":{"line":140,"column":41}},"42":{"start":{"line":141,"column":2},"end":{"line":141,"column":17}}},"fnMap":{"0":{"name":"AuthProvider","decl":{"start":{"line":42,"column":9},"end":{"line":42,"column":21}},"loc":{"start":{"line":42,"column":55},"end":{"line":137,"column":1}},"line":42},"1":{"name":"signInWithGoogle","decl":{"start":{"line":47,"column":17},"end":{"line":47,"column":33}},"loc":{"start":{"line":47,"column":36},"end":{"line":66,"column":3}},"line":47},"2":{"name":"signInWithApple","decl":{"start":{"line":68,"column":17},"end":{"line":68,"column":32}},"loc":{"start":{"line":68,"column":35},"end":{"line":87,"column":3}},"line":68},"3":{"name":"signOut","decl":{"start":{"line":89,"column":17},"end":{"line":89,"column":24}},"loc":{"start":{"line":89,"column":27},"end":{"line":96,"column":3}},"line":89},"4":{"name":"(anonymous_4)","decl":{"start":{"line":98,"column":12},"end":{"line":98,"column":13}},"loc":{"start":{"line":98,"column":18},"end":{"line":108,"column":3}},"line":98},"5":{"name":"saveUser","decl":{"start":{"line":99,"column":19},"end":{"line":99,"column":27}},"loc":{"start":{"line":99,"column":30},"end":{"line":106,"column":5}},"line":99},"6":{"name":"(anonymous_6)","decl":{"start":{"line":110,"column":12},"end":{"line":110,"column":13}},"loc":{"start":{"line":110,"column":18},"end":{"line":124,"column":3}},"line":110},"7":{"name":"loadUserStorageData","decl":{"start":{"line":111,"column":19},"end":{"line":111,"column":38}},"loc":{"start":{"line":111,"column":41},"end":{"line":122,"column":5}},"line":111},"8":{"name":"useAuth","decl":{"start":{"line":139,"column":9},"end":{"line":139,"column":16}},"loc":{"start":{"line":139,"column":19},"end":{"line":142,"column":1}},"line":139}},"branchMap":{"0":{"loc":{"start":{"line":53,"column":6},"end":{"line":62,"column":7}},"type":"if","locations":[{"start":{"line":53,"column":6},"end":{"line":62,"column":7}},{"start":{},"end":{}}],"line":53},"1":{"loc":{"start":{"line":76,"column":6},"end":{"line":83,"column":7}},"type":"if","locations":[{"start":{"line":76,"column":6},"end":{"line":83,"column":7}},{"start":{},"end":{}}],"line":76},"2":{"loc":{"start":{"line":101,"column":8},"end":{"line":102,"column":75}},"type":"if","locations":[{"start":{"line":101,"column":8},"end":{"line":102,"column":75}},{"start":{},"end":{}}],"line":101},"3":{"loc":{"start":{"line":114,"column":8},"end":{"line":117,"column":9}},"type":"if","locations":[{"start":{"line":114,"column":8},"end":{"line":117,"column":9}},{"start":{},"end":{}}],"line":114}},"s":{"0":2,"1":2,"2":2,"3":7,"4":7,"5":7,"6":2,"7":2,"8":2,"9":2,"10":2,"11":2,"12":1,"13":1,"14":1,"15":0,"16":0,"17":0,"18":0,"19":0,"20":0,"21":0,"22":0,"23":0,"24":0,"25":7,"26":4,"27":4,"28":1,"29":0,"30":4,"31":7,"32":3,"33":3,"34":3,"35":0,"36":0,"37":3,"38":0,"39":3,"40":7,"41":8,"42":8},"f":{"0":7,"1":2,"2":0,"3":0,"4":4,"5":4,"6":3,"7":3,"8":8},"b":{"0":[1,1],"1":[0,0],"2":[1,3],"3":[0,3]},"_coverageSchema":"1a1c01bbd47fc00a2c39e90264f33305004495a9","hash":"10e3ee9cf4ba559c56139ebcfefea9b2b70a47af"}
,"/mnt/d/Dev/ignite/react-native/gofinances/src/screens/CategorySelect/index.tsx": {"path":"/mnt/d/Dev/ignite/react-native/gofinances/src/screens/CategorySelect/index.tsx","statementMap":{"0":{"start":{"line":33,"column":4},"end":{"line":33,"column":22}},"1":{"start":{"line":35,"column":2},"end":{"line":62,"column":4}},"2":{"start":{"line":43,"column":30},"end":{"line":43,"column":38}},"3":{"start":{"line":45,"column":10},"end":{"line":51,"column":21}},"4":{"start":{"line":46,"column":27},"end":{"line":46,"column":53}},"5":{"start":{"line":53,"column":38},"end":{"line":53,"column":51}}},"fnMap":{"0":{"name":"CategorySelect","decl":{"start":{"line":27,"column":16},"end":{"line":27,"column":30}},"loc":{"start":{"line":31,"column":11},"end":{"line":63,"column":1}},"line":31},"1":{"name":"handleCategorySelect","decl":{"start":{"line":32,"column":11},"end":{"line":32,"column":31}},"loc":{"start":{"line":32,"column":48},"end":{"line":34,"column":3}},"line":32},"2":{"name":"(anonymous_2)","decl":{"start":{"line":43,"column":22},"end":{"line":43,"column":23}},"loc":{"start":{"line":43,"column":30},"end":{"line":43,"column":38}},"line":43},"3":{"name":"(anonymous_3)","decl":{"start":{"line":44,"column":20},"end":{"line":44,"column":21}},"loc":{"start":{"line":45,"column":10},"end":{"line":51,"column":21}},"line":45},"4":{"name":"(anonymous_4)","decl":{"start":{"line":46,"column":21},"end":{"line":46,"column":22}},"loc":{"start":{"line":46,"column":27},"end":{"line":46,"column":53}},"line":46},"5":{"name":"(anonymous_5)","decl":{"start":{"line":53,"column":32},"end":{"line":53,"column":33}},"loc":{"start":{"line":53,"column":38},"end":{"line":53,"column":51}},"line":53}},"branchMap":{},"s":{"0":0,"1":3,"2":18,"3":18,"4":0,"5":15},"f":{"0":3,"1":0,"2":18,"3":18,"4":0,"5":15},"b":{},"_coverageSchema":"1a1c01bbd47fc00a2c39e90264f33305004495a9","hash":"384b17d25a588388f64585c2a6a23fd459059e97"}
,"/mnt/d/Dev/ignite/react-native/gofinances/src/screens/CategorySelect/styles.ts": {"path":"/mnt/d/Dev/ignite/react-native/gofinances/src/screens/CategorySelect/styles.ts","statementMap":{"0":{"start":{"line":10,"column":25},"end":{"line":13,"column":1}},"1":{"start":{"line":12,"column":37},"end":{"line":12,"column":60}},"2":{"start":{"line":15,"column":22},"end":{"line":22,"column":1}},"3":{"start":{"line":18,"column":37},"end":{"line":18,"column":57}},"4":{"start":{"line":24,"column":21},"end":{"line":28,"column":1}},"5":{"start":{"line":25,"column":32},"end":{"line":25,"column":51}},"6":{"start":{"line":27,"column":26},"end":{"line":27,"column":44}},"7":{"start":{"line":30,"column":24},"end":{"line":38,"column":1}},"8":{"start":{"line":36,"column":4},"end":{"line":36,"column":69}},"9":{"start":{"line":40,"column":20},"end":{"line":43,"column":1}},"10":{"start":{"line":45,"column":20},"end":{"line":48,"column":1}},"11":{"start":{"line":46,"column":32},"end":{"line":46,"column":51}},"12":{"start":{"line":50,"column":25},"end":{"line":54,"column":1}},"13":{"start":{"line":53,"column":37},"end":{"line":53,"column":54}},"14":{"start":{"line":56,"column":22},"end":{"line":59,"column":1}}},"fnMap":{"0":{"name":"(anonymous_0)","decl":{"start":{"line":12,"column":22},"end":{"line":12,"column":23}},"loc":{"start":{"line":12,"column":37},"end":{"line":12,"column":60}},"line":12},"1":{"name":"(anonymous_1)","decl":{"start":{"line":18,"column":22},"end":{"line":18,"column":23}},"loc":{"start":{"line":18,"column":37},"end":{"line":18,"column":57}},"line":18},"2":{"name":"(anonymous_2)","decl":{"start":{"line":25,"column":17},"end":{"line":25,"column":18}},"loc":{"start":{"line":25,"column":32},"end":{"line":25,"column":51}},"line":25},"3":{"name":"(anonymous_3)","decl":{"start":{"line":27,"column":11},"end":{"line":27,"column":12}},"loc":{"start":{"line":27,"column":26},"end":{"line":27,"column":44}},"line":27},"4":{"name":"(anonymous_4)","decl":{"start":{"line":35,"column":22},"end":{"line":35,"column":23}},"loc":{"start":{"line":36,"column":4},"end":{"line":36,"column":69}},"line":36},"5":{"name":"(anonymous_5)","decl":{"start":{"line":46,"column":17},"end":{"line":46,"column":18}},"loc":{"start":{"line":46,"column":32},"end":{"line":46,"column":51}},"line":46},"6":{"name":"(anonymous_6)","decl":{"start":{"line":53,"column":22},"end":{"line":53,"column":23}},"loc":{"start":{"line":53,"column":37},"end":{"line":53,"column":54}},"line":53}},"branchMap":{"0":{"loc":{"start":{"line":36,"column":4},"end":{"line":36,"column":69}},"type":"cond-expr","locations":[{"start":{"line":36,"column":15},"end":{"line":36,"column":43}},{"start":{"line":36,"column":46},"end":{"line":36,"column":69}}],"line":36}},"s":{"0":1,"1":3,"2":1,"3":3,"4":1,"5":3,"6":3,"7":1,"8":18,"9":1,"10":1,"11":18,"12":1,"13":15,"14":1},"f":{"0":3,"1":3,"2":3,"3":3,"4":18,"5":18,"6":15},"b":{"0":[0,18]},"_coverageSchema":"1a1c01bbd47fc00a2c39e90264f33305004495a9","hash":"34427a102c6279d3e7efd44894bd21465022d191"}
,"/mnt/d/Dev/ignite/react-native/gofinances/src/screens/Profile/index.tsx": {"path":"/mnt/d/Dev/ignite/react-native/gofinances/src/screens/Profile/index.tsx","statementMap":{"0":{"start":{"line":5,"column":2},"end":{"line":24,"column":4}}},"fnMap":{"0":{"name":"Profile","decl":{"start":{"line":4,"column":16},"end":{"line":4,"column":23}},"loc":{"start":{"line":4,"column":26},"end":{"line":25,"column":1}},"line":4},"1":{"name":"(anonymous_1)","decl":{"start":{"line":21,"column":17},"end":{"line":21,"column":18}},"loc":{"start":{"line":21,"column":23},"end":{"line":21,"column":25}},"line":21}},"branchMap":{},"s":{"0":3},"f":{"0":3,"1":0},"b":{},"_coverageSchema":"1a1c01bbd47fc00a2c39e90264f33305004495a9","hash":"e69f34d7be1e88d5cb6889602d03ed2fa11ccdf8"}
,"/mnt/d/Dev/ignite/react-native/gofinances/src/screens/Register/index.tsx": {"path":"/mnt/d/Dev/ignite/react-native/gofinances/src/screens/Register/index.tsx","statementMap":{"0":{"start":{"line":29,"column":15},"end":{"line":38,"column":2}},"1":{"start":{"line":41,"column":19},"end":{"line":41,"column":28}},"2":{"start":{"line":42,"column":18},"end":{"line":42,"column":55}},"3":{"start":{"line":43,"column":48},"end":{"line":43,"column":60}},"4":{"start":{"line":44,"column":52},"end":{"line":44,"column":67}},"5":{"start":{"line":45,"column":34},"end":{"line":48,"column":4}},"6":{"start":{"line":54,"column":6},"end":{"line":56,"column":4}},"7":{"start":{"line":57,"column":53},"end":{"line":57,"column":68}},"8":{"start":{"line":60,"column":4},"end":{"line":60,"column":29}},"9":{"start":{"line":64,"column":4},"end":{"line":64,"column":31}},"10":{"start":{"line":68,"column":4},"end":{"line":68,"column":32}},"11":{"start":{"line":72,"column":4},"end":{"line":75,"column":50}},"12":{"start":{"line":73,"column":6},"end":{"line":73,"column":58}},"13":{"start":{"line":74,"column":9},"end":{"line":75,"column":50}},"14":{"start":{"line":75,"column":6},"end":{"line":75,"column":50}},"15":{"start":{"line":76,"column":27},"end":{"line":83,"column":5}},"16":{"start":{"line":84,"column":4},"end":{"line":104,"column":5}},"17":{"start":{"line":85,"column":19},"end":{"line":85,"column":54}},"18":{"start":{"line":86,"column":26},"end":{"line":86,"column":54}},"19":{"start":{"line":87,"column":28},"end":{"line":90,"column":7}},"20":{"start":{"line":91,"column":6},"end":{"line":91,"column":73}},"21":{"start":{"line":93,"column":6},"end":{"line":93,"column":14}},"22":{"start":{"line":94,"column":6},"end":{"line":94,"column":29}},"23":{"start":{"line":95,"column":6},"end":{"line":98,"column":9}},"24":{"start":{"line":99,"column":6},"end":{"line":99,"column":38}},"25":{"start":{"line":102,"column":6},"end":{"line":102,"column":25}},"26":{"start":{"line":103,"column":6},"end":{"line":103,"column":45}},"27":{"start":{"line":107,"column":2},"end":{"line":164,"column":4}},"28":{"start":{"line":134,"column":31},"end":{"line":134,"column":70}},"29":{"start":{"line":140,"column":31},"end":{"line":140,"column":70}}},"fnMap":{"0":{"name":"Register","decl":{"start":{"line":40,"column":16},"end":{"line":40,"column":24}},"loc":{"start":{"line":40,"column":27},"end":{"line":165,"column":1}},"line":40},"1":{"name":"handleTransactionTypeSelect","decl":{"start":{"line":59,"column":11},"end":{"line":59,"column":38}},"loc":{"start":{"line":59,"column":70},"end":{"line":61,"column":3}},"line":59},"2":{"name":"handleOpenSelectCategoryModal","decl":{"start":{"line":63,"column":11},"end":{"line":63,"column":40}},"loc":{"start":{"line":63,"column":43},"end":{"line":65,"column":3}},"line":63},"3":{"name":"handleCloseSelectCategoryModal","decl":{"start":{"line":67,"column":11},"end":{"line":67,"column":41}},"loc":{"start":{"line":67,"column":44},"end":{"line":69,"column":3}},"line":67},"4":{"name":"handleRegister","decl":{"start":{"line":71,"column":17},"end":{"line":71,"column":31}},"loc":{"start":{"line":71,"column":58},"end":{"line":105,"column":3}},"line":71},"5":{"name":"(anonymous_5)","decl":{"start":{"line":134,"column":25},"end":{"line":134,"column":26}},"loc":{"start":{"line":134,"column":31},"end":{"line":134,"column":70}},"line":134},"6":{"name":"(anonymous_6)","decl":{"start":{"line":140,"column":25},"end":{"line":140,"column":26}},"loc":{"start":{"line":140,"column":31},"end":{"line":140,"column":70}},"line":140}},"branchMap":{"0":{"loc":{"start":{"line":72,"column":4},"end":{"line":75,"column":50}},"type":"if","locations":[{"start":{"line":72,"column":4},"end":{"line":75,"column":50}},{"start":{"line":74,"column":9},"end":{"line":75,"column":50}}],"line":72},"1":{"loc":{"start":{"line":74,"column":9},"end":{"line":75,"column":50}},"type":"if","locations":[{"start":{"line":74,"column":9},"end":{"line":75,"column":50}},{"start":{},"end":{}}],"line":74},"2":{"loc":{"start":{"line":86,"column":26},"end":{"line":86,"column":54}},"type":"cond-expr","locations":[{"start":{"line":86,"column":33},"end":{"line":86,"column":49}},{"start":{"line":86,"column":52},"end":{"line":86,"column":54}}],"line":86},"3":{"loc":{"start":{"line":121,"column":21},"end":{"line":121,"column":55}},"type":"binary-expr","locations":[{"start":{"line":121,"column":21},"end":{"line":121,"column":32}},{"start":{"line":121,"column":36},"end":{"line":121,"column":55}}],"line":121},"4":{"loc":{"start":{"line":128,"column":21},"end":{"line":128,"column":59}},"type":"binary-expr","locations":[{"start":{"line":128,"column":21},"end":{"line":128,"column":34}},{"start":{"line":128,"column":38},"end":{"line":128,"column":59}}],"line":128}},"s":{"0":1,"1":3,"2":3,"3":3,"4":3,"5":3,"6":3,"7":3,"8":0,"9":1,"10":0,"11":0,"12":0,"13":0,"14":0,"15":0,"16":0,"17":0,"18":0,"19":0,"20":0,"21":0,"22":0,"23":0,"24":0,"25":0,"26":0,"27":3,"28":0,"29":0},"f":{"0":3,"1":0,"2":1,"3":0,"4":0,"5":0,"6":0},"b":{"0":[0,0],"1":[0,0],"2":[0,0],"3":[3,0],"4":[3,0]},"_coverageSchema":"1a1c01bbd47fc00a2c39e90264f33305004495a9","hash":"238fb4722692b6a1a47c1a33958556055b191725"}
,"/mnt/d/Dev/ignite/react-native/gofinances/src/screens/Register/styles.ts": {"path":"/mnt/d/Dev/ignite/react-native/gofinances/src/screens/Register/styles.ts","statementMap":{"0":{"start":{"line":4,"column":25},"end":{"line":7,"column":1}},"1":{"start":{"line":6,"column":37},"end":{"line":6,"column":60}},"2":{"start":{"line":9,"column":22},"end":{"line":16,"column":1}},"3":{"start":{"line":10,"column":37},"end":{"line":10,"column":57}},"4":{"start":{"line":18,"column":21},"end":{"line":22,"column":1}},"5":{"start":{"line":19,"column":32},"end":{"line":19,"column":51}},"6":{"start":{"line":21,"column":26},"end":{"line":21,"column":44}},"7":{"start":{"line":24,"column":20},"end":{"line":29,"column":1}},"8":{"start":{"line":31,"column":22},"end":{"line":31,"column":35}},"9":{"start":{"line":33,"column":33},"end":{"line":38,"column":1}}},"fnMap":{"0":{"name":"(anonymous_0)","decl":{"start":{"line":6,"column":22},"end":{"line":6,"column":23}},"loc":{"start":{"line":6,"column":37},"end":{"line":6,"column":60}},"line":6},"1":{"name":"(anonymous_1)","decl":{"start":{"line":10,"column":22},"end":{"line":10,"column":23}},"loc":{"start":{"line":10,"column":37},"end":{"line":10,"column":57}},"line":10},"2":{"name":"(anonymous_2)","decl":{"start":{"line":19,"column":17},"end":{"line":19,"column":18}},"loc":{"start":{"line":19,"column":32},"end":{"line":19,"column":51}},"line":19},"3":{"name":"(anonymous_3)","decl":{"start":{"line":21,"column":11},"end":{"line":21,"column":12}},"loc":{"start":{"line":21,"column":26},"end":{"line":21,"column":44}},"line":21}},"branchMap":{},"s":{"0":1,"1":3,"2":1,"3":3,"4":1,"5":3,"6":3,"7":1,"8":1,"9":1},"f":{"0":3,"1":3,"2":3,"3":3},"b":{},"_coverageSchema":"1a1c01bbd47fc00a2c39e90264f33305004495a9","hash":"d4bcf91f4b52e81b11f3be6e0a5630e5779f2bb6"}
,"/mnt/d/Dev/ignite/react-native/gofinances/src/utils/categories.ts": {"path":"/mnt/d/Dev/ignite/react-native/gofinances/src/utils/categories.ts","statementMap":{"0":{"start":{"line":1,"column":26},"end":{"line":8,"column":1}}},"fnMap":{},"branchMap":{},"s":{"0":1},"f":{},"b":{},"_coverageSchema":"1a1c01bbd47fc00a2c39e90264f33305004495a9","hash":"54154b33f24093e03ed599690abaed6904af5b0b"}
}
