TN:
SF:src/components/Form/Button/index.tsx
FN:13,Button
FNF:1
FNH:1
FNDA:6,Button
DA:14,6
LF:1
LH:1
BRF:0
BRH:0
end_of_record
TN:
SF:src/components/Form/CategorySelectButton/index.tsx
FN:13,CategorySelectButton
FNF:1
FNH:1
FNDA:3,CategorySelectButton
DA:18,3
LF:1
LH:1
BRF:0
BRH:0
end_of_record
TN:
SF:src/components/Form/Input/index.tsx
FN:11,Input
FNF:1
FNH:1
FNDA:7,Input
DA:15,7
LF:1
LH:1
BRDA:12,0,0,6
BRF:1
BRH:1
end_of_record
TN:
SF:src/components/Form/InputForm/index.tsx
FN:13,InputForm
FN:23,(anonymous_1)
FNF:2
FNH:2
FNDA:6,InputForm
FNDA:6,(anonymous_1)
DA:19,6
DA:24,6
LF:2
LH:2
BRDA:32,0,0,6
BRDA:32,0,1,0
BRF:2
BRH:1
end_of_record
TN:
SF:src/components/Form/TransactionTypeButton/index.tsx
FN:21,TransactionTypeButton
FNF:1
FNH:1
FNDA:6,TransactionTypeButton
DA:10,1
DA:22,6
LF:2
LH:2
BRF:0
BRH:0
end_of_record
TN:
SF:src/components/HighlightCard/index.tsx
FN:25,HighlightCard
FNF:1
FNH:0
FNDA:0,HighlightCard
DA:19,0
DA:31,0
LF:2
LH:0
BRF:0
BRH:0
end_of_record
TN:
SF:src/components/HistoryCard/index.tsx
FN:14,HistoryCard
FNF:1
FNH:0
FNDA:0,HistoryCard
DA:19,0
LF:1
LH:0
BRF:0
BRH:0
end_of_record
TN:
SF:src/components/SignInSocialButton/index.tsx
FN:16,SignInSocialButton
FNF:1
FNH:0
FNDA:0,SignInSocialButton
DA:21,0
LF:1
LH:0
BRF:0
BRH:0
end_of_record
TN:
SF:src/components/TransactionCard/index.tsx
FN:25,TransactionCard
FN:27,(anonymous_1)
FNF:2
FNH:0
FNDA:0,TransactionCard
FNDA:0,(anonymous_1)
DA:26,0
DA:27,0
DA:30,0
LF:3
LH:0
BRDA:34,0,0,0
BRDA:34,0,1,0
BRF:2
BRH:0
end_of_record
TN:
SF:src/hooks/auth.tsx
FN:42,AuthProvider
FN:47,signInWithGoogle
FN:68,signInWithApple
FN:89,signOut
FN:98,(anonymous_4)
FN:99,saveUser
FN:110,(anonymous_6)
FN:111,loadUserStorageData
FN:139,useAuth
FNF:9
FNH:7
FNDA:9,AuthProvider
FNDA:3,signInWithGoogle
FNDA:0,signInWithApple
FNDA:0,signOut
FNDA:5,(anonymous_4)
FNDA:5,saveUser
FNDA:4,(anonymous_6)
FNDA:4,loadUserStorageData
FNDA:10,useAuth
DA:8,2
DA:9,2
DA:40,2
DA:43,9
DA:44,9
DA:45,9
DA:48,3
DA:49,3
DA:50,3
DA:51,3
DA:52,3
DA:53,2
DA:54,1
DA:55,1
DA:56,1
DA:64,1
DA:69,0
DA:70,0
DA:76,0
DA:77,0
DA:85,0
DA:90,0
DA:91,0
DA:92,0
DA:94,0
DA:98,9
DA:100,5
DA:101,5
DA:102,1
DA:104,0
DA:107,5
DA:110,9
DA:112,4
DA:113,4
DA:114,4
DA:115,0
DA:116,0
DA:118,4
DA:120,0
DA:123,4
DA:126,9
DA:140,10
DA:141,10
LF:43
LH:30
BRDA:53,0,0,1
BRDA:53,0,1,1
BRDA:76,1,0,0
BRDA:76,1,1,0
BRDA:101,2,0,1
BRDA:101,2,1,4
BRDA:114,3,0,0
BRDA:114,3,1,4
BRF:8
BRH:5
end_of_record
TN:
SF:src/routes/app.routes.tsx
FN:7,AppRoutes
FNF:1
FNH:0
FNDA:0,AppRoutes
DA:5,0
DA:8,0
LF:2
LH:0
BRF:0
BRH:0
end_of_record
TN:
SF:src/routes/auth.routes.tsx
FN:12,AuthRoutes
FN:32,(anonymous_1)
FN:45,(anonymous_2)
FN:58,(anonymous_3)
FNF:4
FNH:0
FNDA:0,AuthRoutes
FNDA:0,(anonymous_1)
FNDA:0,(anonymous_2)
FNDA:0,(anonymous_3)
DA:10,0
DA:13,0
DA:15,0
DA:33,0
DA:46,0
DA:59,0
LF:6
LH:0
BRDA:24,0,0,0
BRDA:24,0,1,0
BRF:2
BRH:0
end_of_record
TN:
SF:src/routes/index.tsx
FN:7,Routes
FNF:1
FNH:0
FNDA:0,Routes
DA:8,0
DA:10,0
LF:2
LH:0
BRDA:12,0,0,0
BRDA:12,0,1,0
BRF:2
BRH:0
end_of_record
TN:
SF:src/screens/CategorySelect/index.tsx
FN:27,CategorySelect
FN:32,handleCategorySelect
FN:43,(anonymous_2)
FN:44,(anonymous_3)
FN:46,(anonymous_4)
FN:53,(anonymous_5)
FNF:6
FNH:4
FNDA:3,CategorySelect
FNDA:0,handleCategorySelect
FNDA:18,(anonymous_2)
FNDA:18,(anonymous_3)
FNDA:0,(anonymous_4)
FNDA:15,(anonymous_5)
DA:33,0
DA:35,3
DA:43,18
DA:45,18
DA:46,0
DA:53,15
LF:6
LH:4
BRF:0
BRH:0
end_of_record
TN:
SF:src/screens/Dashboard/index.tsx
FN:41,Dashboard
FN:48,getLastTransactionDate
FN:53,(anonymous_2)
FN:60,(anonymous_3)
FN:66,loadTransactions
FN:74,(anonymous_5)
FN:132,(anonymous_6)
FN:195,(anonymous_7)
FN:196,(anonymous_8)
FNF:9
FNH:0
FNDA:0,Dashboard
FNDA:0,getLastTransactionDate
FNDA:0,(anonymous_2)
FNDA:0,(anonymous_3)
FNDA:0,loadTransactions
FNDA:0,(anonymous_5)
FNDA:0,(anonymous_6)
FNDA:0,(anonymous_7)
FNDA:0,(anonymous_8)
DA:42,0
DA:43,0
DA:44,0
DA:45,0
DA:46,0
DA:52,0
DA:53,0
DA:55,0
DA:56,0
DA:58,0
DA:60,0
DA:63,0
DA:67,0
DA:68,0
DA:69,0
DA:71,0
DA:72,0
DA:74,0
DA:75,0
DA:76,0
DA:78,0
DA:80,0
DA:85,0
DA:90,0
DA:99,0
DA:100,0
DA:101,0
DA:102,0
DA:106,0
DA:129,0
DA:132,0
DA:133,0
DA:138,0
DA:195,0
DA:196,0
LF:35
LH:0
BRDA:55,0,0,0
BRDA:55,0,1,0
BRDA:69,1,0,0
BRDA:69,1,1,0
BRDA:75,2,0,0
BRDA:75,2,1,0
BRDA:102,3,0,0
BRDA:102,3,1,0
BRDA:141,4,0,0
BRDA:141,4,1,0
BRDA:169,5,0,0
BRDA:169,5,1,0
BRDA:179,6,0,0
BRDA:179,6,1,0
BRF:14
BRH:0
end_of_record
TN:
SF:src/screens/Profile/index.tsx
FN:4,Profile
FN:21,(anonymous_1)
FNF:2
FNH:1
FNDA:3,Profile
FNDA:0,(anonymous_1)
DA:5,3
LF:1
LH:1
BRF:0
BRH:0
end_of_record
TN:
SF:src/screens/Register/index.tsx
FN:40,Register
FN:59,handleTransactionTypeSelect
FN:63,handleOpenSelectCategoryModal
FN:67,handleCloseSelectCategoryModal
FN:71,handleRegister
FN:134,(anonymous_5)
FN:140,(anonymous_6)
FNF:7
FNH:2
FNDA:3,Register
FNDA:0,handleTransactionTypeSelect
FNDA:1,handleOpenSelectCategoryModal
FNDA:0,handleCloseSelectCategoryModal
FNDA:0,handleRegister
FNDA:0,(anonymous_5)
FNDA:0,(anonymous_6)
DA:29,1
DA:41,3
DA:42,3
DA:43,3
DA:44,3
DA:45,3
DA:54,3
DA:57,3
DA:60,0
DA:64,1
DA:68,0
DA:72,0
DA:73,0
DA:74,0
DA:75,0
DA:76,0
DA:84,0
DA:85,0
DA:86,0
DA:87,0
DA:91,0
DA:93,0
DA:94,0
DA:95,0
DA:99,0
DA:102,0
DA:103,0
DA:107,3
DA:134,0
DA:140,0
LF:30
LH:10
BRDA:72,0,0,0
BRDA:72,0,1,0
BRDA:74,1,0,0
BRDA:74,1,1,0
BRDA:86,2,0,0
BRDA:86,2,1,0
BRDA:121,3,0,3
BRDA:121,3,1,0
BRDA:128,4,0,3
BRDA:128,4,1,0
BRF:10
BRH:2
end_of_record
TN:
SF:src/screens/Resume/index.tsx
FN:44,Resume
FN:51,handleDataChange
FN:60,loadData
FN:66,(anonymous_3)
FN:71,(anonymous_4)
FN:75,(anonymous_5)
FN:77,(anonymous_6)
FN:97,(anonymous_7)
FN:123,(anonymous_8)
FN:133,(anonymous_9)
FN:140,(anonymous_10)
FN:154,(anonymous_11)
FNF:12
FNH:0
FNDA:0,Resume
FNDA:0,handleDataChange
FNDA:0,loadData
FNDA:0,(anonymous_3)
FNDA:0,(anonymous_4)
FNDA:0,(anonymous_5)
FNDA:0,(anonymous_6)
FNDA:0,(anonymous_7)
FNDA:0,(anonymous_8)
FNDA:0,(anonymous_9)
FNDA:0,(anonymous_10)
FNDA:0,(anonymous_11)
DA:45,0
DA:46,0
DA:47,0
DA:48,0
DA:49,0
DA:52,0
DA:53,0
DA:56,0
DA:61,0
DA:62,0
DA:63,0
DA:64,0
DA:65,0
DA:67,0
DA:71,0
DA:72,0
DA:74,0
DA:75,0
DA:76,0
DA:77,0
DA:78,0
DA:79,0
DA:81,0
DA:82,0
DA:94,0
DA:97,0
DA:98,0
DA:99,0
DA:102,0
DA:123,0
DA:133,0
DA:140,0
DA:155,0
LF:33
LH:0
BRDA:52,0,0,0
BRDA:52,0,1,0
BRDA:64,1,0,0
BRDA:64,1,1,0
BRDA:67,2,0,0
BRDA:67,2,1,0
BRDA:67,2,2,0
BRDA:78,3,0,0
BRDA:78,3,1,0
BRDA:82,4,0,0
BRDA:82,4,1,0
BRDA:108,5,0,0
BRDA:108,5,1,0
BRF:13
BRH:0
end_of_record
TN:
SF:src/screens/SignIn/index.tsx
FN:20,SignIn
FN:25,handleSignInWithGoogle
FN:36,handleSignInWithApple
FNF:3
FNH:0
FNDA:0,SignIn
FNDA:0,handleSignInWithGoogle
FNDA:0,handleSignInWithApple
DA:21,0
DA:22,0
DA:23,0
DA:26,0
DA:27,0
DA:28,0
DA:30,0
DA:31,0
DA:32,0
DA:37,0
DA:38,0
DA:40,0
DA:41,0
DA:42,0
DA:46,0
LF:15
LH:0
BRDA:66,0,0,0
BRDA:66,0,1,0
BRDA:75,1,0,0
BRDA:75,1,1,0
BRF:4
BRH:0
end_of_record
